[0.504s] DEBUG:colcon:Command line arguments: ['/usr/bin/colcon', 'build', '--symlink-install']
[0.504s] DEBUG:colcon:Parsed command line arguments: Namespace(log_base=None, log_level=None, verb_name='build', build_base='build', install_base='install', merge_install=False, symlink_install=True, test_result_base=None, continue_on_error=False, executor='parallel', parallel_workers=16, event_handlers=None, ignore_user_meta=False, metas=['./colcon.meta'], base_paths=['.'], packages_ignore=None, packages_ignore_regex=None, paths=None, packages_up_to=None, packages_up_to_regex=None, packages_above=None, packages_above_and_dependencies=None, packages_above_depth=None, packages_select_by_dep=None, packages_skip_by_dep=None, packages_skip_up_to=None, packages_select_build_failed=False, packages_skip_build_finished=False, packages_select_test_failures=False, packages_skip_test_passed=False, packages_select=None, packages_skip=None, packages_select_regex=None, packages_skip_regex=None, packages_start=None, packages_end=None, allow_overriding=[], cmake_args=None, cmake_target=None, cmake_target_skip_unavailable=False, cmake_clean_cache=False, cmake_clean_first=False, cmake_force_configure=False, ament_cmake_args=None, catkin_cmake_args=None, catkin_skip_building_tests=False, verb_parser=<colcon_defaults.argument_parser.defaults.DefaultArgumentsDecorator object at 0x7ffbd7ed4a90>, verb_extension=<colcon_core.verb.build.BuildVerb object at 0x7ffbd80bd660>, main=<bound method BuildVerb.main of <colcon_core.verb.build.BuildVerb object at 0x7ffbd80bd660>>)
[-1.039s] Level 1:colcon.colcon_core.package_discovery:discover_packages(colcon_meta) check parameters
[-1.038s] Level 1:colcon.colcon_core.package_discovery:discover_packages(recursive) check parameters
[-1.038s] Level 1:colcon.colcon_core.package_discovery:discover_packages(ignore) check parameters
[-1.038s] Level 1:colcon.colcon_core.package_discovery:discover_packages(path) check parameters
[-1.038s] Level 1:colcon.colcon_core.package_discovery:discover_packages(colcon_meta) discover
[-1.038s] Level 1:colcon.colcon_core.package_discovery:discover_packages(recursive) discover
[-1.038s] INFO:colcon.colcon_core.package_discovery:Crawling recursively for packages in '/home/thaman/ethical_robot_ws'
[-1.038s] Level 1:colcon.colcon_core.package_identification:_identify(.) by extensions ['ignore', 'ignore_ament_install']
[-1.038s] Level 1:colcon.colcon_core.package_identification:_identify(.) by extension 'ignore'
[-1.037s] Level 1:colcon.colcon_core.package_identification:_identify(.) by extension 'ignore_ament_install'
[-1.037s] Level 1:colcon.colcon_core.package_identification:_identify(.) by extensions ['colcon_pkg']
[-1.037s] Level 1:colcon.colcon_core.package_identification:_identify(.) by extension 'colcon_pkg'
[-1.037s] Level 1:colcon.colcon_core.package_identification:_identify(.) by extensions ['colcon_meta']
[-1.037s] Level 1:colcon.colcon_core.package_identification:_identify(.) by extension 'colcon_meta'
[-1.037s] Level 1:colcon.colcon_core.package_identification:_identify(.) by extensions ['ros']
[-1.037s] Level 1:colcon.colcon_core.package_identification:_identify(.) by extension 'ros'
[-1.019s] Level 1:colcon.colcon_core.package_identification:_identify(.) by extensions ['cmake', 'python']
[-1.019s] Level 1:colcon.colcon_core.package_identification:_identify(.) by extension 'cmake'
[-1.019s] Level 1:colcon.colcon_core.package_identification:_identify(.) by extension 'python'
[-1.019s] Level 1:colcon.colcon_core.package_identification:_identify(.) by extensions ['python_setup_py']
[-1.019s] Level 1:colcon.colcon_core.package_identification:_identify(.) by extension 'python_setup_py'
[-1.018s] Level 1:colcon.colcon_core.package_identification:_identify(build) by extensions ['ignore', 'ignore_ament_install']
[-1.018s] Level 1:colcon.colcon_core.package_identification:_identify(build) by extension 'ignore'
[-1.018s] Level 1:colcon.colcon_core.package_identification:_identify(build) ignored
[-1.017s] Level 1:colcon.colcon_core.package_identification:_identify(install) by extensions ['ignore', 'ignore_ament_install']
[-1.017s] Level 1:colcon.colcon_core.package_identification:_identify(install) by extension 'ignore'
[-1.017s] Level 1:colcon.colcon_core.package_identification:_identify(install) ignored
[-1.017s] Level 1:colcon.colcon_core.package_identification:_identify(log) by extensions ['ignore', 'ignore_ament_install']
[-1.017s] Level 1:colcon.colcon_core.package_identification:_identify(log) by extension 'ignore'
[-1.017s] Level 1:colcon.colcon_core.package_identification:_identify(log) ignored
[-1.017s] Level 1:colcon.colcon_core.package_identification:_identify(src) by extensions ['ignore', 'ignore_ament_install']
[-1.016s] Level 1:colcon.colcon_core.package_identification:_identify(src) by extension 'ignore'
[-1.016s] Level 1:colcon.colcon_core.package_identification:_identify(src) by extension 'ignore_ament_install'
[-1.016s] Level 1:colcon.colcon_core.package_identification:_identify(src) by extensions ['colcon_pkg']
[-1.016s] Level 1:colcon.colcon_core.package_identification:_identify(src) by extension 'colcon_pkg'
[-1.016s] Level 1:colcon.colcon_core.package_identification:_identify(src) by extensions ['colcon_meta']
[-1.016s] Level 1:colcon.colcon_core.package_identification:_identify(src) by extension 'colcon_meta'
[-1.016s] Level 1:colcon.colcon_core.package_identification:_identify(src) by extensions ['ros']
[-1.016s] Level 1:colcon.colcon_core.package_identification:_identify(src) by extension 'ros'
[-1.016s] Level 1:colcon.colcon_core.package_identification:_identify(src) by extensions ['cmake', 'python']
[-1.016s] Level 1:colcon.colcon_core.package_identification:_identify(src) by extension 'cmake'
[-1.016s] Level 1:colcon.colcon_core.package_identification:_identify(src) by extension 'python'
[-1.016s] Level 1:colcon.colcon_core.package_identification:_identify(src) by extensions ['python_setup_py']
[-1.016s] Level 1:colcon.colcon_core.package_identification:_identify(src) by extension 'python_setup_py'
[-1.015s] Level 1:colcon.colcon_core.package_identification:_identify(src/ethical_robot_sim) by extensions ['ignore', 'ignore_ament_install']
[-1.015s] Level 1:colcon.colcon_core.package_identification:_identify(src/ethical_robot_sim) by extension 'ignore'
[-1.015s] Level 1:colcon.colcon_core.package_identification:_identify(src/ethical_robot_sim) by extension 'ignore_ament_install'
[-1.015s] Level 1:colcon.colcon_core.package_identification:_identify(src/ethical_robot_sim) by extensions ['colcon_pkg']
[-1.015s] Level 1:colcon.colcon_core.package_identification:_identify(src/ethical_robot_sim) by extension 'colcon_pkg'
[-1.015s] Level 1:colcon.colcon_core.package_identification:_identify(src/ethical_robot_sim) by extensions ['colcon_meta']
[-1.015s] Level 1:colcon.colcon_core.package_identification:_identify(src/ethical_robot_sim) by extension 'colcon_meta'
[-1.015s] Level 1:colcon.colcon_core.package_identification:_identify(src/ethical_robot_sim) by extensions ['ros']
[-1.015s] Level 1:colcon.colcon_core.package_identification:_identify(src/ethical_robot_sim) by extension 'ros'
[-1.010s] DEBUG:colcon.colcon_core.package_identification:Package 'src/ethical_robot_sim' with type 'ros.ament_python' and name 'ethical_robot_sim'
[-1.010s] Level 1:colcon.colcon_core.package_discovery:discover_packages(recursive) using defaults
[-1.010s] Level 1:colcon.colcon_core.package_discovery:discover_packages(ignore) discover
[-1.010s] Level 1:colcon.colcon_core.package_discovery:discover_packages(ignore) using defaults
[-1.010s] Level 1:colcon.colcon_core.package_discovery:discover_packages(path) discover
[-1.010s] Level 1:colcon.colcon_core.package_discovery:discover_packages(path) using defaults
[-0.959s] Level 1:colcon.colcon_core.package_discovery:discover_packages(prefix_path) check parameters
[-0.959s] Level 1:colcon.colcon_core.package_discovery:discover_packages(prefix_path) discover
[-0.953s] DEBUG:colcon.colcon_installed_package_information.package_discovery:Found 327 installed packages in /opt/ros/humble
[-0.951s] Level 1:colcon.colcon_core.package_discovery:discover_packages(prefix_path) using defaults
[-0.841s] Level 5:colcon.colcon_core.verb:set package 'ethical_robot_sim' build argument 'cmake_args' from command line to 'None'
[-0.841s] Level 5:colcon.colcon_core.verb:set package 'ethical_robot_sim' build argument 'cmake_target' from command line to 'None'
[-0.841s] Level 5:colcon.colcon_core.verb:set package 'ethical_robot_sim' build argument 'cmake_target_skip_unavailable' from command line to 'False'
[-0.841s] Level 5:colcon.colcon_core.verb:set package 'ethical_robot_sim' build argument 'cmake_clean_cache' from command line to 'False'
[-0.840s] Level 5:colcon.colcon_core.verb:set package 'ethical_robot_sim' build argument 'cmake_clean_first' from command line to 'False'
[-0.840s] Level 5:colcon.colcon_core.verb:set package 'ethical_robot_sim' build argument 'cmake_force_configure' from command line to 'False'
[-0.840s] Level 5:colcon.colcon_core.verb:set package 'ethical_robot_sim' build argument 'ament_cmake_args' from command line to 'None'
[-0.840s] Level 5:colcon.colcon_core.verb:set package 'ethical_robot_sim' build argument 'catkin_cmake_args' from command line to 'None'
[-0.840s] Level 5:colcon.colcon_core.verb:set package 'ethical_robot_sim' build argument 'catkin_skip_building_tests' from command line to 'False'
[-0.840s] DEBUG:colcon.colcon_core.verb:Building package 'ethical_robot_sim' with the following arguments: {'ament_cmake_args': None, 'build_base': '/home/thaman/ethical_robot_ws/build/ethical_robot_sim', 'catkin_cmake_args': None, 'catkin_skip_building_tests': False, 'cmake_args': None, 'cmake_clean_cache': False, 'cmake_clean_first': False, 'cmake_force_configure': False, 'cmake_target': None, 'cmake_target_skip_unavailable': False, 'install_base': '/home/thaman/ethical_robot_ws/install/ethical_robot_sim', 'merge_install': False, 'path': '/home/thaman/ethical_robot_ws/src/ethical_robot_sim', 'symlink_install': True, 'test_result_base': None}
[-0.840s] INFO:colcon.colcon_core.executor:Executing jobs using 'parallel' executor
[-0.839s] DEBUG:colcon.colcon_parallel_executor.executor.parallel:run_until_complete
[-0.839s] INFO:colcon.colcon_ros.task.ament_python.build:Building ROS package in '/home/thaman/ethical_robot_ws/src/ethical_robot_sim' with build type 'ament_python'
[-0.838s] Level 1:colcon.colcon_core.shell:create_environment_hook('ethical_robot_sim', 'ament_prefix_path')
[-0.832s] INFO:colcon.colcon_core.plugin_system:Skipping extension 'colcon_core.shell.bat': Not used on non-Windows systems
[-0.831s] INFO:colcon.colcon_core.shell:Creating environment hook '/home/thaman/ethical_robot_ws/install/ethical_robot_sim/share/ethical_robot_sim/hook/ament_prefix_path.ps1'
[-0.830s] INFO:colcon.colcon_core.shell:Creating environment descriptor '/home/thaman/ethical_robot_ws/install/ethical_robot_sim/share/ethical_robot_sim/hook/ament_prefix_path.dsv'
[-0.829s] INFO:colcon.colcon_core.shell:Creating environment hook '/home/thaman/ethical_robot_ws/install/ethical_robot_sim/share/ethical_robot_sim/hook/ament_prefix_path.sh'
[-0.828s] INFO:colcon.colcon_core.shell:Skip shell extension 'powershell' for command environment: Not usable outside of PowerShell
[-0.828s] DEBUG:colcon.colcon_core.shell:Skip shell extension 'dsv' for command environment
[-0.402s] INFO:colcon.colcon_core.task.python.build:Building Python package in '/home/thaman/ethical_robot_ws/src/ethical_robot_sim'
[-0.401s] INFO:colcon.colcon_core.shell:Skip shell extension 'powershell' for command environment: Not usable outside of PowerShell
[-0.401s] DEBUG:colcon.colcon_core.shell:Skip shell extension 'dsv' for command environment
[0.127s] DEBUG:colcon.colcon_core.event_handler.log_command:Invoking command in '/home/thaman/ethical_robot_ws/build/ethical_robot_sim': PYTHONPATH=/home/thaman/ethical_robot_ws/build/ethical_robot_sim/prefix_override:/usr/lib/python3/dist-packages/colcon_core/task/python/colcon_distutils_commands:/home/thaman/ethical_robot_ws/install/ethical_robot_sim/lib/python3.10/site-packages:${PYTHONPATH} /usr/bin/python3 -W ignore:setup.py install is deprecated -W ignore:easy_install command is deprecated setup.py develop --editable --build-directory /home/thaman/ethical_robot_ws/build/ethical_robot_sim/build --no-deps symlink_data
[0.799s] Level 1:colcon.colcon_core.shell:create_environment_hook('ethical_robot_sim', 'pythonpath_develop')
[0.800s] INFO:colcon.colcon_core.shell:Creating environment hook '/home/thaman/ethical_robot_ws/build/ethical_robot_sim/share/ethical_robot_sim/hook/pythonpath_develop.ps1'
[0.800s] DEBUG:colcon.colcon_core.event_handler.log_command:Invoked command in '/home/thaman/ethical_robot_ws/build/ethical_robot_sim' returned '0': PYTHONPATH=/home/thaman/ethical_robot_ws/build/ethical_robot_sim/prefix_override:/usr/lib/python3/dist-packages/colcon_core/task/python/colcon_distutils_commands:/home/thaman/ethical_robot_ws/install/ethical_robot_sim/lib/python3.10/site-packages:${PYTHONPATH} /usr/bin/python3 -W ignore:setup.py install is deprecated -W ignore:easy_install command is deprecated setup.py develop --editable --build-directory /home/thaman/ethical_robot_ws/build/ethical_robot_sim/build --no-deps symlink_data
[0.801s] INFO:colcon.colcon_core.shell:Creating environment descriptor '/home/thaman/ethical_robot_ws/build/ethical_robot_sim/share/ethical_robot_sim/hook/pythonpath_develop.dsv'
[0.801s] INFO:colcon.colcon_core.shell:Creating environment hook '/home/thaman/ethical_robot_ws/build/ethical_robot_sim/share/ethical_robot_sim/hook/pythonpath_develop.sh'
[0.809s] Level 1:colcon.colcon_core.environment:checking '/home/thaman/ethical_robot_ws/install/ethical_robot_sim' for CMake module files
[0.810s] Level 1:colcon.colcon_core.environment:checking '/home/thaman/ethical_robot_ws/install/ethical_robot_sim' for CMake config files
[0.814s] Level 1:colcon.colcon_core.environment:checking '/home/thaman/ethical_robot_ws/install/ethical_robot_sim/lib'
[0.814s] Level 1:colcon.colcon_core.environment:checking '/home/thaman/ethical_robot_ws/install/ethical_robot_sim/bin'
[0.814s] Level 1:colcon.colcon_core.environment:checking '/home/thaman/ethical_robot_ws/install/ethical_robot_sim/lib/pkgconfig/ethical_robot_sim.pc'
[0.815s] Level 1:colcon.colcon_core.environment:checking '/home/thaman/ethical_robot_ws/install/ethical_robot_sim/lib/python3.10/site-packages'
[0.815s] Level 1:colcon.colcon_core.shell:create_environment_hook('ethical_robot_sim', 'pythonpath')
[0.815s] INFO:colcon.colcon_core.shell:Creating environment hook '/home/thaman/ethical_robot_ws/install/ethical_robot_sim/share/ethical_robot_sim/hook/pythonpath.ps1'
[0.816s] INFO:colcon.colcon_core.shell:Creating environment descriptor '/home/thaman/ethical_robot_ws/install/ethical_robot_sim/share/ethical_robot_sim/hook/pythonpath.dsv'
[0.816s] INFO:colcon.colcon_core.shell:Creating environment hook '/home/thaman/ethical_robot_ws/install/ethical_robot_sim/share/ethical_robot_sim/hook/pythonpath.sh'
[0.817s] Level 1:colcon.colcon_core.environment:checking '/home/thaman/ethical_robot_ws/install/ethical_robot_sim/bin'
[0.817s] Level 1:colcon.colcon_core.environment:create_environment_scripts_only(ethical_robot_sim)
[0.817s] INFO:colcon.colcon_core.shell:Creating package script '/home/thaman/ethical_robot_ws/install/ethical_robot_sim/share/ethical_robot_sim/package.ps1'
[0.818s] INFO:colcon.colcon_core.shell:Creating package descriptor '/home/thaman/ethical_robot_ws/install/ethical_robot_sim/share/ethical_robot_sim/package.dsv'
[0.819s] INFO:colcon.colcon_core.shell:Creating package script '/home/thaman/ethical_robot_ws/install/ethical_robot_sim/share/ethical_robot_sim/package.sh'
[0.821s] INFO:colcon.colcon_core.shell:Creating package script '/home/thaman/ethical_robot_ws/install/ethical_robot_sim/share/ethical_robot_sim/package.bash'
[0.822s] INFO:colcon.colcon_core.shell:Creating package script '/home/thaman/ethical_robot_ws/install/ethical_robot_sim/share/ethical_robot_sim/package.zsh'
[0.823s] Level 1:colcon.colcon_core.environment:create_file_with_runtime_dependencies(/home/thaman/ethical_robot_ws/install/ethical_robot_sim/share/colcon-core/packages/ethical_robot_sim)
[0.824s] DEBUG:colcon.colcon_parallel_executor.executor.parallel:closing loop
[0.825s] DEBUG:colcon.colcon_parallel_executor.executor.parallel:loop closed
[0.825s] DEBUG:colcon.colcon_parallel_executor.executor.parallel:run_until_complete finished with '0'
[0.825s] DEBUG:colcon.colcon_core.event_reactor:joining thread
[0.916s] INFO:colcon.colcon_core.plugin_system:Skipping extension 'colcon_notification.desktop_notification.notify_send': Could not find 'notify-send'
[0.916s] INFO:colcon.colcon_core.plugin_system:Skipping extension 'colcon_notification.desktop_notification.terminal_notifier': Not used on non-Darwin systems
[0.916s] INFO:colcon.colcon_core.plugin_system:Skipping extension 'colcon_notification.desktop_notification.win32': Not used on non-Windows systems
[0.916s] INFO:colcon.colcon_notification.desktop_notification:Sending desktop notification using 'notify2'
[0.931s] DEBUG:colcon.colcon_notification.desktop_notification.notify2:Failed to initialize notify2: org.freedesktop.DBus.Error.ServiceUnknown: The name org.freedesktop.Notifications was not provided by any .service files
[0.931s] DEBUG:colcon.colcon_core.event_reactor:joined thread
[0.932s] INFO:colcon.colcon_core.shell:Creating prefix script '/home/thaman/ethical_robot_ws/install/local_setup.ps1'
[0.934s] INFO:colcon.colcon_core.shell:Creating prefix util module '/home/thaman/ethical_robot_ws/install/_local_setup_util_ps1.py'
[0.936s] INFO:colcon.colcon_core.shell:Creating prefix chain script '/home/thaman/ethical_robot_ws/install/setup.ps1'
[0.937s] INFO:colcon.colcon_core.shell:Creating prefix script '/home/thaman/ethical_robot_ws/install/local_setup.sh'
[0.938s] INFO:colcon.colcon_core.shell:Creating prefix util module '/home/thaman/ethical_robot_ws/install/_local_setup_util_sh.py'
[0.939s] INFO:colcon.colcon_core.shell:Creating prefix chain script '/home/thaman/ethical_robot_ws/install/setup.sh'
[0.940s] INFO:colcon.colcon_core.shell:Creating prefix script '/home/thaman/ethical_robot_ws/install/local_setup.bash'
[0.941s] INFO:colcon.colcon_core.shell:Creating prefix chain script '/home/thaman/ethical_robot_ws/install/setup.bash'
[0.942s] INFO:colcon.colcon_core.shell:Creating prefix script '/home/thaman/ethical_robot_ws/install/local_setup.zsh'
[0.943s] INFO:colcon.colcon_core.shell:Creating prefix chain script '/home/thaman/ethical_robot_ws/install/setup.zsh'
