[0.667s] Invoking command in '/home/thaman/ethical_robot_ws/build/ethical_robot_sim': PYTHONPATH=/home/thaman/ethical_robot_ws/build/ethical_robot_sim/prefix_override:/usr/lib/python3/dist-packages/colcon_core/task/python/colcon_distutils_commands:/home/thaman/ethical_robot_ws/install/ethical_robot_sim/lib/python3.10/site-packages:${PYTHONPATH} /usr/bin/python3 -W ignore:setup.py install is deprecated -W ignore:easy_install command is deprecated setup.py develop --editable --build-directory /home/thaman/ethical_robot_ws/build/ethical_robot_sim/build --no-deps symlink_data
[0.907s] running develop
[1.060s] running egg_info
[1.060s] writing ethical_robot_sim.egg-info/PKG-INFO
[1.061s] writing dependency_links to ethical_robot_sim.egg-info/dependency_links.txt
[1.061s] writing entry points to ethical_robot_sim.egg-info/entry_points.txt
[1.061s] writing requirements to ethical_robot_sim.egg-info/requires.txt
[1.061s] writing top-level names to ethical_robot_sim.egg-info/top_level.txt
[1.063s] reading manifest file 'ethical_robot_sim.egg-info/SOURCES.txt'
[1.064s] writing manifest file 'ethical_robot_sim.egg-info/SOURCES.txt'
[1.065s] running build_ext
[1.065s] Creating /home/thaman/ethical_robot_ws/install/ethical_robot_sim/lib/python3.10/site-packages/ethical-robot-sim.egg-link (link to .)
[1.066s] Installing auto_decision_maker script to /home/thaman/ethical_robot_ws/install/ethical_robot_sim/lib/ethical_robot_sim
[1.066s] Installing decision_engine script to /home/thaman/ethical_robot_ws/install/ethical_robot_sim/lib/ethical_robot_sim
[1.066s] Installing extended_robot_controller script to /home/thaman/ethical_robot_ws/install/ethical_robot_sim/lib/ethical_robot_sim
[1.067s] Installing perception_node script to /home/thaman/ethical_robot_ws/install/ethical_robot_sim/lib/ethical_robot_sim
[1.067s] Installing robot_controller script to /home/thaman/ethical_robot_ws/install/ethical_robot_sim/lib/ethical_robot_sim
[1.067s] 
[1.067s] Installed /home/thaman/ethical_robot_ws/build/ethical_robot_sim
[1.067s] running symlink_data
[1.068s] symbolically linking /home/thaman/ethical_robot_ws/build/ethical_robot_sim/launch/improved_simulation.launch.py -> /home/thaman/ethical_robot_ws/install/ethical_robot_sim/share/ethical_robot_sim/launch
[1.069s] symbolically linking /home/thaman/ethical_robot_ws/build/ethical_robot_sim/worlds/improved_dilemma_world.sdf -> /home/thaman/ethical_robot_ws/install/ethical_robot_sim/share/ethical_robot_sim/worlds
[1.098s] Invoked command in '/home/thaman/ethical_robot_ws/build/ethical_robot_sim' returned '0': PYTHONPATH=/home/thaman/ethical_robot_ws/build/ethical_robot_sim/prefix_override:/usr/lib/python3/dist-packages/colcon_core/task/python/colcon_distutils_commands:/home/thaman/ethical_robot_ws/install/ethical_robot_sim/lib/python3.10/site-packages:${PYTHONPATH} /usr/bin/python3 -W ignore:setup.py install is deprecated -W ignore:easy_install command is deprecated setup.py develop --editable --build-directory /home/thaman/ethical_robot_ws/build/ethical_robot_sim/build --no-deps symlink_data
