[0.820s] Invoking command in '/home/thaman/ethical_robot_ws/build/ethical_robot_sim': PYTHONPATH=/home/thaman/ethical_robot_ws/build/ethical_robot_sim/prefix_override:/usr/lib/python3/dist-packages/colcon_core/task/python/colcon_distutils_commands:/home/thaman/ethical_robot_ws/install/ethical_robot_sim/lib/python3.10/site-packages:${PYTHONPATH} /usr/bin/python3 -W ignore:setup.py install is deprecated -W ignore:easy_install command is deprecated setup.py develop --editable --build-directory /home/thaman/ethical_robot_ws/build/ethical_robot_sim/build --no-deps symlink_data --force
[1.058s] running develop
[1.253s] running egg_info
[1.253s] writing ethical_robot_sim.egg-info/PKG-INFO
[1.254s] writing dependency_links to ethical_robot_sim.egg-info/dependency_links.txt
[1.254s] writing entry points to ethical_robot_sim.egg-info/entry_points.txt
[1.255s] writing requirements to ethical_robot_sim.egg-info/requires.txt
[1.255s] writing top-level names to ethical_robot_sim.egg-info/top_level.txt
[1.258s] reading manifest file 'ethical_robot_sim.egg-info/SOURCES.txt'
[1.259s] writing manifest file 'ethical_robot_sim.egg-info/SOURCES.txt'
[1.261s] running build_ext
[1.261s] Creating /home/thaman/ethical_robot_ws/install/ethical_robot_sim/lib/python3.10/site-packages/ethical-robot-sim.egg-link (link to .)
[1.263s] Installing auto_decision_maker script to /home/thaman/ethical_robot_ws/install/ethical_robot_sim/lib/ethical_robot_sim
[1.263s] Installing decision_engine script to /home/thaman/ethical_robot_ws/install/ethical_robot_sim/lib/ethical_robot_sim
[1.263s] Installing extended_robot_controller script to /home/thaman/ethical_robot_ws/install/ethical_robot_sim/lib/ethical_robot_sim
[1.263s] Installing perception_node script to /home/thaman/ethical_robot_ws/install/ethical_robot_sim/lib/ethical_robot_sim
[1.263s] Installing robot_controller script to /home/thaman/ethical_robot_ws/install/ethical_robot_sim/lib/ethical_robot_sim
[1.264s] 
[1.264s] Installed /home/thaman/ethical_robot_ws/build/ethical_robot_sim
[1.264s] running symlink_data
[1.264s] symbolically linking /home/thaman/ethical_robot_ws/build/ethical_robot_sim/resource/ethical_robot_sim -> /home/thaman/ethical_robot_ws/install/ethical_robot_sim/share/ament_index/resource_index/packages
[1.264s] symbolically linking /home/thaman/ethical_robot_ws/build/ethical_robot_sim/package.xml -> /home/thaman/ethical_robot_ws/install/ethical_robot_sim/share/ethical_robot_sim
[1.265s] symbolically linking /home/thaman/ethical_robot_ws/build/ethical_robot_sim/launch/improved_simulation.launch.py -> /home/thaman/ethical_robot_ws/install/ethical_robot_sim/share/ethical_robot_sim/launch
[1.265s] symbolically linking /home/thaman/ethical_robot_ws/build/ethical_robot_sim/launch/simulation.launch.py -> /home/thaman/ethical_robot_ws/install/ethical_robot_sim/share/ethical_robot_sim/launch
[1.265s] symbolically linking /home/thaman/ethical_robot_ws/build/ethical_robot_sim/urdf/ethical_robot.urdf.xacro -> /home/thaman/ethical_robot_ws/install/ethical_robot_sim/share/ethical_robot_sim/urdf
[1.266s] symbolically linking /home/thaman/ethical_robot_ws/build/ethical_robot_sim/urdf/ethical_robot.urdf.xacro:Zone.Identifier -> /home/thaman/ethical_robot_ws/install/ethical_robot_sim/share/ethical_robot_sim/urdf
[1.266s] symbolically linking /home/thaman/ethical_robot_ws/build/ethical_robot_sim/worlds/improved_dilemma_world.sdf -> /home/thaman/ethical_robot_ws/install/ethical_robot_sim/share/ethical_robot_sim/worlds
[1.267s] symbolically linking /home/thaman/ethical_robot_ws/build/ethical_robot_sim/worlds/dilemma_world.sdf:Zone.Identifier -> /home/thaman/ethical_robot_ws/install/ethical_robot_sim/share/ethical_robot_sim/worlds
[1.267s] symbolically linking /home/thaman/ethical_robot_ws/build/ethical_robot_sim/worlds/dilemma_world.sdf -> /home/thaman/ethical_robot_ws/install/ethical_robot_sim/share/ethical_robot_sim/worlds
[1.267s] symbolically linking /home/thaman/ethical_robot_ws/build/ethical_robot_sim/config/navigation_params.yaml -> /home/thaman/ethical_robot_ws/install/ethical_robot_sim/share/ethical_robot_sim/config
[1.268s] symbolically linking /home/thaman/ethical_robot_ws/build/ethical_robot_sim/config/nav.rviz:Zone.Identifier -> /home/thaman/ethical_robot_ws/install/ethical_robot_sim/share/ethical_robot_sim/config
[1.268s] symbolically linking /home/thaman/ethical_robot_ws/build/ethical_robot_sim/config/nav.rviz:Zone.Identifier:Zone.Identifier -> /home/thaman/ethical_robot_ws/install/ethical_robot_sim/share/ethical_robot_sim/config
[1.269s] symbolically linking /home/thaman/ethical_robot_ws/build/ethical_robot_sim/config/ethical_params.yaml:Zone.Identifier -> /home/thaman/ethical_robot_ws/install/ethical_robot_sim/share/ethical_robot_sim/config
[1.269s] symbolically linking /home/thaman/ethical_robot_ws/build/ethical_robot_sim/config/ethical_params.yaml -> /home/thaman/ethical_robot_ws/install/ethical_robot_sim/share/ethical_robot_sim/config
[1.269s] symbolically linking /home/thaman/ethical_robot_ws/build/ethical_robot_sim/config/nav.rviz:Zone.Identifier:Zone.Identifier:Zone.Identifier -> /home/thaman/ethical_robot_ws/install/ethical_robot_sim/share/ethical_robot_sim/config
[1.270s] symbolically linking /home/thaman/ethical_robot_ws/build/ethical_robot_sim/config/nav.rviz -> /home/thaman/ethical_robot_ws/install/ethical_robot_sim/share/ethical_robot_sim/config
[1.270s] symbolically linking /home/thaman/ethical_robot_ws/build/ethical_robot_sim/config/navigation_params.yaml:Zone.Identifier -> /home/thaman/ethical_robot_ws/install/ethical_robot_sim/share/ethical_robot_sim/config
[1.321s] Invoked command in '/home/thaman/ethical_robot_ws/build/ethical_robot_sim' returned '0': PYTHONPATH=/home/thaman/ethical_robot_ws/build/ethical_robot_sim/prefix_override:/usr/lib/python3/dist-packages/colcon_core/task/python/colcon_distutils_commands:/home/thaman/ethical_robot_ws/install/ethical_robot_sim/lib/python3.10/site-packages:${PYTHONPATH} /usr/bin/python3 -W ignore:setup.py install is deprecated -W ignore:easy_install command is deprecated setup.py develop --editable --build-directory /home/thaman/ethical_robot_ws/build/ethical_robot_sim/build --no-deps symlink_data --force
