[0.625s] Invoking command in '/home/thaman/ethical_robot_ws/build/ethical_robot_sim': PYTHONPATH=/home/thaman/ethical_robot_ws/build/ethical_robot_sim/prefix_override:/usr/lib/python3/dist-packages/colcon_core/task/python/colcon_distutils_commands:/home/thaman/ethical_robot_ws/install/ethical_robot_sim/lib/python3.10/site-packages:${PYTHONPATH} /usr/bin/python3 -W ignore:setup.py install is deprecated -W ignore:easy_install command is deprecated setup.py develop --editable --build-directory /home/thaman/ethical_robot_ws/build/ethical_robot_sim/build --no-deps symlink_data
[0.842s] running develop
[0.994s] running egg_info
[0.995s] writing ethical_robot_sim.egg-info/PKG-INFO
[0.995s] writing dependency_links to ethical_robot_sim.egg-info/dependency_links.txt
[0.995s] writing entry points to ethical_robot_sim.egg-info/entry_points.txt
[0.995s] writing requirements to ethical_robot_sim.egg-info/requires.txt
[0.995s] writing top-level names to ethical_robot_sim.egg-info/top_level.txt
[0.997s] reading manifest file 'ethical_robot_sim.egg-info/SOURCES.txt'
[0.999s] writing manifest file 'ethical_robot_sim.egg-info/SOURCES.txt'
[1.000s] running build_ext
[1.000s] Creating /home/thaman/ethical_robot_ws/install/ethical_robot_sim/lib/python3.10/site-packages/ethical-robot-sim.egg-link (link to .)
[1.001s] Installing decision_engine script to /home/thaman/ethical_robot_ws/install/ethical_robot_sim/lib/ethical_robot_sim
[1.001s] Installing extended_robot_controller script to /home/thaman/ethical_robot_ws/install/ethical_robot_sim/lib/ethical_robot_sim
[1.001s] Installing perception_node script to /home/thaman/ethical_robot_ws/install/ethical_robot_sim/lib/ethical_robot_sim
[1.001s] Installing robot_controller script to /home/thaman/ethical_robot_ws/install/ethical_robot_sim/lib/ethical_robot_sim
[1.001s] Installing secondary_decision_publisher script to /home/thaman/ethical_robot_ws/install/ethical_robot_sim/lib/ethical_robot_sim
[1.002s] 
[1.002s] Installed /home/thaman/ethical_robot_ws/build/ethical_robot_sim
[1.002s] running symlink_data
[1.033s] Invoked command in '/home/thaman/ethical_robot_ws/build/ethical_robot_sim' returned '0': PYTHONPATH=/home/thaman/ethical_robot_ws/build/ethical_robot_sim/prefix_override:/usr/lib/python3/dist-packages/colcon_core/task/python/colcon_distutils_commands:/home/thaman/ethical_robot_ws/install/ethical_robot_sim/lib/python3.10/site-packages:${PYTHONPATH} /usr/bin/python3 -W ignore:setup.py install is deprecated -W ignore:easy_install command is deprecated setup.py develop --editable --build-directory /home/thaman/ethical_robot_ws/build/ethical_robot_sim/build --no-deps symlink_data
