[0.616s] Invoking command in '/home/thaman/ethical_robot_ws/build/ethical_robot_sim': PYTHONPATH=/home/thaman/ethical_robot_ws/build/ethical_robot_sim/prefix_override:/usr/lib/python3/dist-packages/colcon_core/task/python/colcon_distutils_commands:/home/thaman/ethical_robot_ws/install/ethical_robot_sim/lib/python3.10/site-packages:${PYTHONPATH} /usr/bin/python3 -W ignore:setup.py install is deprecated -W ignore:easy_install command is deprecated setup.py develop --uninstall --editable --build-directory /home/thaman/ethical_robot_ws/build/ethical_robot_sim/build
[0.836s] running develop
[0.990s] Removing /home/thaman/ethical_robot_ws/install/ethical_robot_sim/lib/python3.10/site-packages/ethical-robot-sim.egg-link (link to .)
[1.017s] Invoked command in '/home/thaman/ethical_robot_ws/build/ethical_robot_sim' returned '0': PYTHONPATH=/home/thaman/ethical_robot_ws/build/ethical_robot_sim/prefix_override:/usr/lib/python3/dist-packages/colcon_core/task/python/colcon_distutils_commands:/home/thaman/ethical_robot_ws/install/ethical_robot_sim/lib/python3.10/site-packages:${PYTHONPATH} /usr/bin/python3 -W ignore:setup.py install is deprecated -W ignore:easy_install command is deprecated setup.py develop --uninstall --editable --build-directory /home/thaman/ethical_robot_ws/build/ethical_robot_sim/build
[1.019s] Invoking command in '/home/thaman/ethical_robot_ws/src/ethical_robot_sim': PYTHONPATH=/home/thaman/ethical_robot_ws/build/ethical_robot_sim/prefix_override:/usr/lib/python3/dist-packages/colcon_core/task/python/colcon_distutils_commands:/home/thaman/ethical_robot_ws/install/ethical_robot_sim/lib/python3.10/site-packages:${PYTHONPATH} /usr/bin/python3 -W ignore:setup.py install is deprecated -W ignore:easy_install command is deprecated setup.py egg_info --egg-base ../../build/ethical_robot_sim build --build-base /home/thaman/ethical_robot_ws/build/ethical_robot_sim/build install --record /home/thaman/ethical_robot_ws/build/ethical_robot_sim/install.log --single-version-externally-managed install_data --force
[1.223s] running egg_info
[1.224s] writing ../../build/ethical_robot_sim/ethical_robot_sim.egg-info/PKG-INFO
[1.224s] writing dependency_links to ../../build/ethical_robot_sim/ethical_robot_sim.egg-info/dependency_links.txt
[1.224s] writing entry points to ../../build/ethical_robot_sim/ethical_robot_sim.egg-info/entry_points.txt
[1.225s] writing requirements to ../../build/ethical_robot_sim/ethical_robot_sim.egg-info/requires.txt
[1.225s] writing top-level names to ../../build/ethical_robot_sim/ethical_robot_sim.egg-info/top_level.txt
[1.227s] reading manifest file '../../build/ethical_robot_sim/ethical_robot_sim.egg-info/SOURCES.txt'
[1.229s] writing manifest file '../../build/ethical_robot_sim/ethical_robot_sim.egg-info/SOURCES.txt'
[1.229s] running build
[1.229s] running build_py
[1.229s] creating /home/thaman/ethical_robot_ws/build/ethical_robot_sim/build
[1.229s] creating /home/thaman/ethical_robot_ws/build/ethical_robot_sim/build/lib
[1.229s] creating /home/thaman/ethical_robot_ws/build/ethical_robot_sim/build/lib/ethical_robot_sim
[1.230s] copying ethical_robot_sim/decision_visualizer.py -> /home/thaman/ethical_robot_ws/build/ethical_robot_sim/build/lib/ethical_robot_sim
[1.230s] copying ethical_robot_sim/robot_controller.py -> /home/thaman/ethical_robot_ws/build/ethical_robot_sim/build/lib/ethical_robot_sim
[1.230s] copying ethical_robot_sim/perception.py -> /home/thaman/ethical_robot_ws/build/ethical_robot_sim/build/lib/ethical_robot_sim
[1.231s] copying ethical_robot_sim/extended_robot_controller.py -> /home/thaman/ethical_robot_ws/build/ethical_robot_sim/build/lib/ethical_robot_sim
[1.231s] copying ethical_robot_sim/secondary_decision_publisher.py -> /home/thaman/ethical_robot_ws/build/ethical_robot_sim/build/lib/ethical_robot_sim
[1.232s] copying ethical_robot_sim/decision_engine.py -> /home/thaman/ethical_robot_ws/build/ethical_robot_sim/build/lib/ethical_robot_sim
[1.232s] copying ethical_robot_sim/test_ethical_frameworks.py -> /home/thaman/ethical_robot_ws/build/ethical_robot_sim/build/lib/ethical_robot_sim
[1.232s] copying ethical_robot_sim/auto_decision_maker.py -> /home/thaman/ethical_robot_ws/build/ethical_robot_sim/build/lib/ethical_robot_sim
[1.233s] copying ethical_robot_sim/__init__.py -> /home/thaman/ethical_robot_ws/build/ethical_robot_sim/build/lib/ethical_robot_sim
[1.233s] running install
[1.233s] running install_lib
[1.234s] creating /home/thaman/ethical_robot_ws/install/ethical_robot_sim/lib/python3.10/site-packages/ethical_robot_sim
[1.234s] copying /home/thaman/ethical_robot_ws/build/ethical_robot_sim/build/lib/ethical_robot_sim/decision_visualizer.py -> /home/thaman/ethical_robot_ws/install/ethical_robot_sim/lib/python3.10/site-packages/ethical_robot_sim
[1.235s] copying /home/thaman/ethical_robot_ws/build/ethical_robot_sim/build/lib/ethical_robot_sim/robot_controller.py -> /home/thaman/ethical_robot_ws/install/ethical_robot_sim/lib/python3.10/site-packages/ethical_robot_sim
[1.235s] copying /home/thaman/ethical_robot_ws/build/ethical_robot_sim/build/lib/ethical_robot_sim/perception.py -> /home/thaman/ethical_robot_ws/install/ethical_robot_sim/lib/python3.10/site-packages/ethical_robot_sim
[1.235s] copying /home/thaman/ethical_robot_ws/build/ethical_robot_sim/build/lib/ethical_robot_sim/extended_robot_controller.py -> /home/thaman/ethical_robot_ws/install/ethical_robot_sim/lib/python3.10/site-packages/ethical_robot_sim
[1.235s] copying /home/thaman/ethical_robot_ws/build/ethical_robot_sim/build/lib/ethical_robot_sim/secondary_decision_publisher.py -> /home/thaman/ethical_robot_ws/install/ethical_robot_sim/lib/python3.10/site-packages/ethical_robot_sim
[1.236s] copying /home/thaman/ethical_robot_ws/build/ethical_robot_sim/build/lib/ethical_robot_sim/decision_engine.py -> /home/thaman/ethical_robot_ws/install/ethical_robot_sim/lib/python3.10/site-packages/ethical_robot_sim
[1.236s] copying /home/thaman/ethical_robot_ws/build/ethical_robot_sim/build/lib/ethical_robot_sim/test_ethical_frameworks.py -> /home/thaman/ethical_robot_ws/install/ethical_robot_sim/lib/python3.10/site-packages/ethical_robot_sim
[1.236s] copying /home/thaman/ethical_robot_ws/build/ethical_robot_sim/build/lib/ethical_robot_sim/auto_decision_maker.py -> /home/thaman/ethical_robot_ws/install/ethical_robot_sim/lib/python3.10/site-packages/ethical_robot_sim
[1.236s] copying /home/thaman/ethical_robot_ws/build/ethical_robot_sim/build/lib/ethical_robot_sim/__init__.py -> /home/thaman/ethical_robot_ws/install/ethical_robot_sim/lib/python3.10/site-packages/ethical_robot_sim
[1.236s] byte-compiling /home/thaman/ethical_robot_ws/install/ethical_robot_sim/lib/python3.10/site-packages/ethical_robot_sim/decision_visualizer.py to decision_visualizer.cpython-310.pyc
[1.238s] byte-compiling /home/thaman/ethical_robot_ws/install/ethical_robot_sim/lib/python3.10/site-packages/ethical_robot_sim/robot_controller.py to robot_controller.cpython-310.pyc
[1.239s] byte-compiling /home/thaman/ethical_robot_ws/install/ethical_robot_sim/lib/python3.10/site-packages/ethical_robot_sim/perception.py to perception.cpython-310.pyc
[1.240s] byte-compiling /home/thaman/ethical_robot_ws/install/ethical_robot_sim/lib/python3.10/site-packages/ethical_robot_sim/extended_robot_controller.py to extended_robot_controller.cpython-310.pyc
[1.242s] byte-compiling /home/thaman/ethical_robot_ws/install/ethical_robot_sim/lib/python3.10/site-packages/ethical_robot_sim/secondary_decision_publisher.py to secondary_decision_publisher.cpython-310.pyc
[1.242s] byte-compiling /home/thaman/ethical_robot_ws/install/ethical_robot_sim/lib/python3.10/site-packages/ethical_robot_sim/decision_engine.py to decision_engine.cpython-310.pyc
[1.244s] byte-compiling /home/thaman/ethical_robot_ws/install/ethical_robot_sim/lib/python3.10/site-packages/ethical_robot_sim/test_ethical_frameworks.py to test_ethical_frameworks.cpython-310.pyc
[1.244s] byte-compiling /home/thaman/ethical_robot_ws/install/ethical_robot_sim/lib/python3.10/site-packages/ethical_robot_sim/auto_decision_maker.py to auto_decision_maker.cpython-310.pyc
[1.245s] byte-compiling /home/thaman/ethical_robot_ws/install/ethical_robot_sim/lib/python3.10/site-packages/ethical_robot_sim/__init__.py to __init__.cpython-310.pyc
[1.246s] running install_data
[1.246s] copying resource/ethical_robot_sim -> /home/thaman/ethical_robot_ws/install/ethical_robot_sim/share/ament_index/resource_index/packages
[1.248s] copying package.xml -> /home/thaman/ethical_robot_ws/install/ethical_robot_sim/share/ethical_robot_sim
[1.248s] copying launch/improved_simulation.launch.py -> /home/thaman/ethical_robot_ws/install/ethical_robot_sim/share/ethical_robot_sim/launch
[1.249s] copying launch/simulation.launch.py -> /home/thaman/ethical_robot_ws/install/ethical_robot_sim/share/ethical_robot_sim/launch
[1.250s] copying urdf/ethical_robot.urdf.xacro -> /home/thaman/ethical_robot_ws/install/ethical_robot_sim/share/ethical_robot_sim/urdf
[1.251s] copying urdf/ethical_robot.urdf.xacro:Zone.Identifier -> /home/thaman/ethical_robot_ws/install/ethical_robot_sim/share/ethical_robot_sim/urdf
[1.252s] copying worlds/improved_dilemma_world.sdf -> /home/thaman/ethical_robot_ws/install/ethical_robot_sim/share/ethical_robot_sim/worlds
[1.253s] copying worlds/dilemma_world.sdf:Zone.Identifier -> /home/thaman/ethical_robot_ws/install/ethical_robot_sim/share/ethical_robot_sim/worlds
[1.254s] copying worlds/dilemma_world.sdf -> /home/thaman/ethical_robot_ws/install/ethical_robot_sim/share/ethical_robot_sim/worlds
[1.255s] copying config/navigation_params.yaml -> /home/thaman/ethical_robot_ws/install/ethical_robot_sim/share/ethical_robot_sim/config
[1.256s] copying config/nav.rviz:Zone.Identifier -> /home/thaman/ethical_robot_ws/install/ethical_robot_sim/share/ethical_robot_sim/config
[1.257s] copying config/nav.rviz:Zone.Identifier:Zone.Identifier -> /home/thaman/ethical_robot_ws/install/ethical_robot_sim/share/ethical_robot_sim/config
[1.257s] copying config/ethical_params.yaml:Zone.Identifier -> /home/thaman/ethical_robot_ws/install/ethical_robot_sim/share/ethical_robot_sim/config
[1.258s] copying config/ethical_params.yaml -> /home/thaman/ethical_robot_ws/install/ethical_robot_sim/share/ethical_robot_sim/config
[1.259s] copying config/nav.rviz:Zone.Identifier:Zone.Identifier:Zone.Identifier -> /home/thaman/ethical_robot_ws/install/ethical_robot_sim/share/ethical_robot_sim/config
[1.260s] copying config/nav.rviz -> /home/thaman/ethical_robot_ws/install/ethical_robot_sim/share/ethical_robot_sim/config
[1.261s] copying config/navigation_params.yaml:Zone.Identifier -> /home/thaman/ethical_robot_ws/install/ethical_robot_sim/share/ethical_robot_sim/config
[1.262s] running install_egg_info
[1.263s] Copying ../../build/ethical_robot_sim/ethical_robot_sim.egg-info to /home/thaman/ethical_robot_ws/install/ethical_robot_sim/lib/python3.10/site-packages/ethical_robot_sim-0.1.0-py3.10.egg-info
[1.264s] running install_scripts
[1.279s] Installing auto_decision_maker script to /home/thaman/ethical_robot_ws/install/ethical_robot_sim/lib/ethical_robot_sim
[1.279s] Installing decision_engine script to /home/thaman/ethical_robot_ws/install/ethical_robot_sim/lib/ethical_robot_sim
[1.279s] Installing extended_robot_controller script to /home/thaman/ethical_robot_ws/install/ethical_robot_sim/lib/ethical_robot_sim
[1.280s] Installing perception_node script to /home/thaman/ethical_robot_ws/install/ethical_robot_sim/lib/ethical_robot_sim
[1.280s] Installing robot_controller script to /home/thaman/ethical_robot_ws/install/ethical_robot_sim/lib/ethical_robot_sim
[1.280s] writing list of installed files to '/home/thaman/ethical_robot_ws/build/ethical_robot_sim/install.log'
[1.300s] Invoked command in '/home/thaman/ethical_robot_ws/src/ethical_robot_sim' returned '0': PYTHONPATH=/home/thaman/ethical_robot_ws/build/ethical_robot_sim/prefix_override:/usr/lib/python3/dist-packages/colcon_core/task/python/colcon_distutils_commands:/home/thaman/ethical_robot_ws/install/ethical_robot_sim/lib/python3.10/site-packages:${PYTHONPATH} /usr/bin/python3 -W ignore:setup.py install is deprecated -W ignore:easy_install command is deprecated setup.py egg_info --egg-base ../../build/ethical_robot_sim build --build-base /home/thaman/ethical_robot_ws/build/ethical_robot_sim/build install --record /home/thaman/ethical_robot_ws/build/ethical_robot_sim/install.log --single-version-externally-managed install_data --force
