[0.965s] Invoking command in '/home/thaman/ethical_robot_ws/build/ethical_robot_sim': PYTHONPATH=/home/thaman/ethical_robot_ws/build/ethical_robot_sim/prefix_override:/usr/lib/python3/dist-packages/colcon_core/task/python/colcon_distutils_commands:/home/thaman/ethical_robot_ws/install/ethical_robot_sim/lib/python3.10/site-packages:${PYTHONPATH} /usr/bin/python3 -W ignore:setup.py install is deprecated -W ignore:easy_install command is deprecated setup.py develop --editable --build-directory /home/thaman/ethical_robot_ws/build/ethical_robot_sim/build --no-deps symlink_data
[1.323s] running develop
[1.578s] running egg_info
[1.578s] writing ethical_robot_sim.egg-info/PKG-INFO
[1.579s] writing dependency_links to ethical_robot_sim.egg-info/dependency_links.txt
[1.579s] writing entry points to ethical_robot_sim.egg-info/entry_points.txt
[1.580s] writing requirements to ethical_robot_sim.egg-info/requires.txt
[1.580s] writing top-level names to ethical_robot_sim.egg-info/top_level.txt
[1.582s] reading manifest file 'ethical_robot_sim.egg-info/SOURCES.txt'
[1.584s] writing manifest file 'ethical_robot_sim.egg-info/SOURCES.txt'
[1.585s] running build_ext
[1.586s] Creating /home/thaman/ethical_robot_ws/install/ethical_robot_sim/lib/python3.10/site-packages/ethical-robot-sim.egg-link (link to .)
[1.587s] Installing auto_decision_maker script to /home/thaman/ethical_robot_ws/install/ethical_robot_sim/lib/ethical_robot_sim
[1.587s] Installing decision_engine script to /home/thaman/ethical_robot_ws/install/ethical_robot_sim/lib/ethical_robot_sim
[1.587s] Installing extended_robot_controller script to /home/thaman/ethical_robot_ws/install/ethical_robot_sim/lib/ethical_robot_sim
[1.588s] Installing perception_node script to /home/thaman/ethical_robot_ws/install/ethical_robot_sim/lib/ethical_robot_sim
[1.588s] Installing robot_controller script to /home/thaman/ethical_robot_ws/install/ethical_robot_sim/lib/ethical_robot_sim
[1.588s] 
[1.588s] Installed /home/thaman/ethical_robot_ws/build/ethical_robot_sim
[1.588s] running symlink_data
[1.638s] Invoked command in '/home/thaman/ethical_robot_ws/build/ethical_robot_sim' returned '0': PYTHONPATH=/home/thaman/ethical_robot_ws/build/ethical_robot_sim/prefix_override:/usr/lib/python3/dist-packages/colcon_core/task/python/colcon_distutils_commands:/home/thaman/ethical_robot_ws/install/ethical_robot_sim/lib/python3.10/site-packages:${PYTHONPATH} /usr/bin/python3 -W ignore:setup.py install is deprecated -W ignore:easy_install command is deprecated setup.py develop --editable --build-directory /home/thaman/ethical_robot_ws/build/ethical_robot_sim/build --no-deps symlink_data
