running develop
running egg_info
creating ethical_robot_sim.egg-info
writing ethical_robot_sim.egg-info/PKG-INFO
writing dependency_links to ethical_robot_sim.egg-info/dependency_links.txt
writing entry points to ethical_robot_sim.egg-info/entry_points.txt
writing requirements to ethical_robot_sim.egg-info/requires.txt
writing top-level names to ethical_robot_sim.egg-info/top_level.txt
writing manifest file 'ethical_robot_sim.egg-info/SOURCES.txt'
reading manifest file 'ethical_robot_sim.egg-info/SOURCES.txt'
writing manifest file 'ethical_robot_sim.egg-info/SOURCES.txt'
running build_ext
Creating /home/thaman/ethical_robot_ws/install/ethical_robot_sim/lib/python3.10/site-packages/ethical-robot-sim.egg-link (link to .)
Installing decision_engine script to /home/thaman/ethical_robot_ws/install/ethical_robot_sim/lib/ethical_robot_sim
Installing perception_node script to /home/thaman/ethical_robot_ws/install/ethical_robot_sim/lib/ethical_robot_sim
Installing robot_controller script to /home/thaman/ethical_robot_ws/install/ethical_robot_sim/lib/ethical_robot_sim

Installed /home/thaman/ethical_robot_ws/build/ethical_robot_sim
running symlink_data
creating /home/thaman/ethical_robot_ws/install/ethical_robot_sim/share/ament_index
creating /home/thaman/ethical_robot_ws/install/ethical_robot_sim/share/ament_index/resource_index
creating /home/thaman/ethical_robot_ws/install/ethical_robot_sim/share/ament_index/resource_index/packages
symbolically linking /home/thaman/ethical_robot_ws/build/ethical_robot_sim/resource/ethical_robot_sim -> /home/thaman/ethical_robot_ws/install/ethical_robot_sim/share/ament_index/resource_index/packages
symbolically linking /home/thaman/ethical_robot_ws/build/ethical_robot_sim/package.xml -> /home/thaman/ethical_robot_ws/install/ethical_robot_sim/share/ethical_robot_sim
creating /home/thaman/ethical_robot_ws/install/ethical_robot_sim/share/ethical_robot_sim/launch
symbolically linking /home/thaman/ethical_robot_ws/build/ethical_robot_sim/launch/simulation.launch.py -> /home/thaman/ethical_robot_ws/install/ethical_robot_sim/share/ethical_robot_sim/launch
creating /home/thaman/ethical_robot_ws/install/ethical_robot_sim/share/ethical_robot_sim/urdf
symbolically linking /home/thaman/ethical_robot_ws/build/ethical_robot_sim/urdf/ethical_robot.urdf.xacro -> /home/thaman/ethical_robot_ws/install/ethical_robot_sim/share/ethical_robot_sim/urdf
symbolically linking /home/thaman/ethical_robot_ws/build/ethical_robot_sim/urdf/ethical_robot.urdf.xacro:Zone.Identifier -> /home/thaman/ethical_robot_ws/install/ethical_robot_sim/share/ethical_robot_sim/urdf
creating /home/thaman/ethical_robot_ws/install/ethical_robot_sim/share/ethical_robot_sim/worlds
symbolically linking /home/thaman/ethical_robot_ws/build/ethical_robot_sim/worlds/dilemma_world.sdf:Zone.Identifier -> /home/thaman/ethical_robot_ws/install/ethical_robot_sim/share/ethical_robot_sim/worlds
symbolically linking /home/thaman/ethical_robot_ws/build/ethical_robot_sim/worlds/dilemma_world.sdf -> /home/thaman/ethical_robot_ws/install/ethical_robot_sim/share/ethical_robot_sim/worlds
creating /home/thaman/ethical_robot_ws/install/ethical_robot_sim/share/ethical_robot_sim/config
symbolically linking /home/thaman/ethical_robot_ws/build/ethical_robot_sim/config/navigation_params.yaml -> /home/thaman/ethical_robot_ws/install/ethical_robot_sim/share/ethical_robot_sim/config
symbolically linking /home/thaman/ethical_robot_ws/build/ethical_robot_sim/config/nav.rviz:Zone.Identifier -> /home/thaman/ethical_robot_ws/install/ethical_robot_sim/share/ethical_robot_sim/config
symbolically linking /home/thaman/ethical_robot_ws/build/ethical_robot_sim/config/nav.rviz:Zone.Identifier:Zone.Identifier -> /home/thaman/ethical_robot_ws/install/ethical_robot_sim/share/ethical_robot_sim/config
symbolically linking /home/thaman/ethical_robot_ws/build/ethical_robot_sim/config/ethical_params.yaml:Zone.Identifier -> /home/thaman/ethical_robot_ws/install/ethical_robot_sim/share/ethical_robot_sim/config
symbolically linking /home/thaman/ethical_robot_ws/build/ethical_robot_sim/config/ethical_params.yaml -> /home/thaman/ethical_robot_ws/install/ethical_robot_sim/share/ethical_robot_sim/config
symbolically linking /home/thaman/ethical_robot_ws/build/ethical_robot_sim/config/nav.rviz:Zone.Identifier:Zone.Identifier:Zone.Identifier -> /home/thaman/ethical_robot_ws/install/ethical_robot_sim/share/ethical_robot_sim/config
symbolically linking /home/thaman/ethical_robot_ws/build/ethical_robot_sim/config/nav.rviz -> /home/thaman/ethical_robot_ws/install/ethical_robot_sim/share/ethical_robot_sim/config
symbolically linking /home/thaman/ethical_robot_ws/build/ethical_robot_sim/config/navigation_params.yaml:Zone.Identifier -> /home/thaman/ethical_robot_ws/install/ethical_robot_sim/share/ethical_robot_sim/config
