[0.308s] DEBUG:colcon:Command line arguments: ['/usr/bin/colcon', 'build', '--symlink-install']
[0.308s] DEBUG:colcon:Parsed command line arguments: Namespace(log_base=None, log_level=None, verb_name='build', build_base='build', install_base='install', merge_install=False, symlink_install=True, test_result_base=None, continue_on_error=False, executor='parallel', parallel_workers=16, event_handlers=None, ignore_user_meta=False, metas=['./colcon.meta'], base_paths=['.'], packages_ignore=None, packages_ignore_regex=None, paths=None, packages_up_to=None, packages_up_to_regex=None, packages_above=None, packages_above_and_dependencies=None, packages_above_depth=None, packages_select_by_dep=None, packages_skip_by_dep=None, packages_skip_up_to=None, packages_select_build_failed=False, packages_skip_build_finished=False, packages_select_test_failures=False, packages_skip_test_passed=False, packages_select=None, packages_skip=None, packages_select_regex=None, packages_skip_regex=None, packages_start=None, packages_end=None, allow_overriding=[], cmake_args=None, cmake_target=None, cmake_target_skip_unavailable=False, cmake_clean_cache=False, cmake_clean_first=False, cmake_force_configure=False, ament_cmake_args=None, catkin_cmake_args=None, catkin_skip_building_tests=False, verb_parser=<colcon_defaults.argument_parser.defaults.DefaultArgumentsDecorator object at 0x7fad4acd50c0>, verb_extension=<colcon_core.verb.build.BuildVerb object at 0x7fad4aec1c90>, main=<bound method BuildVerb.main of <colcon_core.verb.build.BuildVerb object at 0x7fad4aec1c90>>)
[0.661s] Level 1:colcon.colcon_core.package_discovery:discover_packages(colcon_meta) check parameters
[0.661s] Level 1:colcon.colcon_core.package_discovery:discover_packages(recursive) check parameters
[0.661s] Level 1:colcon.colcon_core.package_discovery:discover_packages(ignore) check parameters
[0.661s] Level 1:colcon.colcon_core.package_discovery:discover_packages(path) check parameters
[0.661s] Level 1:colcon.colcon_core.package_discovery:discover_packages(colcon_meta) discover
[0.661s] Level 1:colcon.colcon_core.package_discovery:discover_packages(recursive) discover
[0.662s] INFO:colcon.colcon_core.package_discovery:Crawling recursively for packages in '/home/thaman/ethical_robot_ws'
[0.662s] Level 1:colcon.colcon_core.package_identification:_identify(.) by extensions ['ignore', 'ignore_ament_install']
[0.662s] Level 1:colcon.colcon_core.package_identification:_identify(.) by extension 'ignore'
[0.662s] Level 1:colcon.colcon_core.package_identification:_identify(.) by extension 'ignore_ament_install'
[0.662s] Level 1:colcon.colcon_core.package_identification:_identify(.) by extensions ['colcon_pkg']
[0.662s] Level 1:colcon.colcon_core.package_identification:_identify(.) by extension 'colcon_pkg'
[0.662s] Level 1:colcon.colcon_core.package_identification:_identify(.) by extensions ['colcon_meta']
[0.662s] Level 1:colcon.colcon_core.package_identification:_identify(.) by extension 'colcon_meta'
[0.662s] Level 1:colcon.colcon_core.package_identification:_identify(.) by extensions ['ros']
[0.662s] Level 1:colcon.colcon_core.package_identification:_identify(.) by extension 'ros'
[0.674s] Level 1:colcon.colcon_core.package_identification:_identify(.) by extensions ['cmake', 'python']
[0.675s] Level 1:colcon.colcon_core.package_identification:_identify(.) by extension 'cmake'
[0.675s] Level 1:colcon.colcon_core.package_identification:_identify(.) by extension 'python'
[0.675s] Level 1:colcon.colcon_core.package_identification:_identify(.) by extensions ['python_setup_py']
[0.675s] Level 1:colcon.colcon_core.package_identification:_identify(.) by extension 'python_setup_py'
[0.675s] Level 1:colcon.colcon_core.package_identification:_identify(build) by extensions ['ignore', 'ignore_ament_install']
[0.675s] Level 1:colcon.colcon_core.package_identification:_identify(build) by extension 'ignore'
[0.675s] Level 1:colcon.colcon_core.package_identification:_identify(build) ignored
[0.676s] Level 1:colcon.colcon_core.package_identification:_identify(install) by extensions ['ignore', 'ignore_ament_install']
[0.676s] Level 1:colcon.colcon_core.package_identification:_identify(install) by extension 'ignore'
[0.676s] Level 1:colcon.colcon_core.package_identification:_identify(install) ignored
[0.676s] Level 1:colcon.colcon_core.package_identification:_identify(log) by extensions ['ignore', 'ignore_ament_install']
[0.676s] Level 1:colcon.colcon_core.package_identification:_identify(log) by extension 'ignore'
[0.676s] Level 1:colcon.colcon_core.package_identification:_identify(log) ignored
[0.676s] Level 1:colcon.colcon_core.package_identification:_identify(src) by extensions ['ignore', 'ignore_ament_install']
[0.676s] Level 1:colcon.colcon_core.package_identification:_identify(src) by extension 'ignore'
[0.676s] Level 1:colcon.colcon_core.package_identification:_identify(src) by extension 'ignore_ament_install'
[0.676s] Level 1:colcon.colcon_core.package_identification:_identify(src) by extensions ['colcon_pkg']
[0.676s] Level 1:colcon.colcon_core.package_identification:_identify(src) by extension 'colcon_pkg'
[0.677s] Level 1:colcon.colcon_core.package_identification:_identify(src) by extensions ['colcon_meta']
[0.677s] Level 1:colcon.colcon_core.package_identification:_identify(src) by extension 'colcon_meta'
[0.677s] Level 1:colcon.colcon_core.package_identification:_identify(src) by extensions ['ros']
[0.677s] Level 1:colcon.colcon_core.package_identification:_identify(src) by extension 'ros'
[0.677s] Level 1:colcon.colcon_core.package_identification:_identify(src) by extensions ['cmake', 'python']
[0.677s] Level 1:colcon.colcon_core.package_identification:_identify(src) by extension 'cmake'
[0.677s] Level 1:colcon.colcon_core.package_identification:_identify(src) by extension 'python'
[0.677s] Level 1:colcon.colcon_core.package_identification:_identify(src) by extensions ['python_setup_py']
[0.677s] Level 1:colcon.colcon_core.package_identification:_identify(src) by extension 'python_setup_py'
[0.677s] Level 1:colcon.colcon_core.package_identification:_identify(src/ethical_robot_sim) by extensions ['ignore', 'ignore_ament_install']
[0.677s] Level 1:colcon.colcon_core.package_identification:_identify(src/ethical_robot_sim) by extension 'ignore'
[0.678s] Level 1:colcon.colcon_core.package_identification:_identify(src/ethical_robot_sim) by extension 'ignore_ament_install'
[0.678s] Level 1:colcon.colcon_core.package_identification:_identify(src/ethical_robot_sim) by extensions ['colcon_pkg']
[0.678s] Level 1:colcon.colcon_core.package_identification:_identify(src/ethical_robot_sim) by extension 'colcon_pkg'
[0.678s] Level 1:colcon.colcon_core.package_identification:_identify(src/ethical_robot_sim) by extensions ['colcon_meta']
[0.678s] Level 1:colcon.colcon_core.package_identification:_identify(src/ethical_robot_sim) by extension 'colcon_meta'
[0.678s] Level 1:colcon.colcon_core.package_identification:_identify(src/ethical_robot_sim) by extensions ['ros']
[0.678s] Level 1:colcon.colcon_core.package_identification:_identify(src/ethical_robot_sim) by extension 'ros'
[0.682s] DEBUG:colcon.colcon_core.package_identification:Package 'src/ethical_robot_sim' with type 'ros.ament_python' and name 'ethical_robot_sim'
[0.682s] Level 1:colcon.colcon_core.package_discovery:discover_packages(recursive) using defaults
[0.682s] Level 1:colcon.colcon_core.package_discovery:discover_packages(ignore) discover
[0.682s] Level 1:colcon.colcon_core.package_discovery:discover_packages(ignore) using defaults
[0.682s] Level 1:colcon.colcon_core.package_discovery:discover_packages(path) discover
[0.682s] Level 1:colcon.colcon_core.package_discovery:discover_packages(path) using defaults
[0.720s] Level 1:colcon.colcon_core.package_discovery:discover_packages(prefix_path) check parameters
[0.720s] Level 1:colcon.colcon_core.package_discovery:discover_packages(prefix_path) discover
[0.724s] DEBUG:colcon.colcon_installed_package_information.package_discovery:Found 1 installed packages in /home/thaman/ethical_robot_ws/install
[0.726s] DEBUG:colcon.colcon_installed_package_information.package_discovery:Found 327 installed packages in /opt/ros/humble
[0.727s] Level 1:colcon.colcon_core.package_discovery:discover_packages(prefix_path) using defaults
[0.823s] Level 5:colcon.colcon_core.verb:set package 'ethical_robot_sim' build argument 'cmake_args' from command line to 'None'
[0.823s] Level 5:colcon.colcon_core.verb:set package 'ethical_robot_sim' build argument 'cmake_target' from command line to 'None'
[0.823s] Level 5:colcon.colcon_core.verb:set package 'ethical_robot_sim' build argument 'cmake_target_skip_unavailable' from command line to 'False'
[0.823s] Level 5:colcon.colcon_core.verb:set package 'ethical_robot_sim' build argument 'cmake_clean_cache' from command line to 'False'
[0.823s] Level 5:colcon.colcon_core.verb:set package 'ethical_robot_sim' build argument 'cmake_clean_first' from command line to 'False'
[0.823s] Level 5:colcon.colcon_core.verb:set package 'ethical_robot_sim' build argument 'cmake_force_configure' from command line to 'False'
[0.823s] Level 5:colcon.colcon_core.verb:set package 'ethical_robot_sim' build argument 'ament_cmake_args' from command line to 'None'
[0.823s] Level 5:colcon.colcon_core.verb:set package 'ethical_robot_sim' build argument 'catkin_cmake_args' from command line to 'None'
[0.823s] Level 5:colcon.colcon_core.verb:set package 'ethical_robot_sim' build argument 'catkin_skip_building_tests' from command line to 'False'
[0.823s] DEBUG:colcon.colcon_core.verb:Building package 'ethical_robot_sim' with the following arguments: {'ament_cmake_args': None, 'build_base': '/home/thaman/ethical_robot_ws/build/ethical_robot_sim', 'catkin_cmake_args': None, 'catkin_skip_building_tests': False, 'cmake_args': None, 'cmake_clean_cache': False, 'cmake_clean_first': False, 'cmake_force_configure': False, 'cmake_target': None, 'cmake_target_skip_unavailable': False, 'install_base': '/home/thaman/ethical_robot_ws/install/ethical_robot_sim', 'merge_install': False, 'path': '/home/thaman/ethical_robot_ws/src/ethical_robot_sim', 'symlink_install': True, 'test_result_base': None}
[0.823s] INFO:colcon.colcon_core.executor:Executing jobs using 'parallel' executor
[0.825s] DEBUG:colcon.colcon_parallel_executor.executor.parallel:run_until_complete
[0.825s] INFO:colcon.colcon_ros.task.ament_python.build:Building ROS package in '/home/thaman/ethical_robot_ws/src/ethical_robot_sim' with build type 'ament_python'
[0.825s] Level 1:colcon.colcon_core.shell:create_environment_hook('ethical_robot_sim', 'ament_prefix_path')
[0.831s] INFO:colcon.colcon_core.plugin_system:Skipping extension 'colcon_core.shell.bat': Not used on non-Windows systems
[0.831s] INFO:colcon.colcon_core.shell:Creating environment hook '/home/thaman/ethical_robot_ws/install/ethical_robot_sim/share/ethical_robot_sim/hook/ament_prefix_path.ps1'
[0.832s] INFO:colcon.colcon_core.shell:Creating environment descriptor '/home/thaman/ethical_robot_ws/install/ethical_robot_sim/share/ethical_robot_sim/hook/ament_prefix_path.dsv'
[0.833s] INFO:colcon.colcon_core.shell:Creating environment hook '/home/thaman/ethical_robot_ws/install/ethical_robot_sim/share/ethical_robot_sim/hook/ament_prefix_path.sh'
[0.834s] INFO:colcon.colcon_core.shell:Skip shell extension 'powershell' for command environment: Not usable outside of PowerShell
[0.834s] DEBUG:colcon.colcon_core.shell:Skip shell extension 'dsv' for command environment
[1.099s] INFO:colcon.colcon_core.task.python.build:Building Python package in '/home/thaman/ethical_robot_ws/src/ethical_robot_sim'
[1.099s] INFO:colcon.colcon_core.shell:Skip shell extension 'powershell' for command environment: Not usable outside of PowerShell
[1.099s] DEBUG:colcon.colcon_core.shell:Skip shell extension 'dsv' for command environment
[1.493s] DEBUG:colcon.colcon_core.event_handler.log_command:Invoking command in '/home/thaman/ethical_robot_ws/build/ethical_robot_sim': PYTHONPATH=/home/thaman/ethical_robot_ws/build/ethical_robot_sim/prefix_override:/usr/lib/python3/dist-packages/colcon_core/task/python/colcon_distutils_commands:/home/thaman/ethical_robot_ws/install/ethical_robot_sim/lib/python3.10/site-packages:${PYTHONPATH} /usr/bin/python3 -W ignore:setup.py install is deprecated -W ignore:easy_install command is deprecated setup.py develop --editable --build-directory /home/thaman/ethical_robot_ws/build/ethical_robot_sim/build --no-deps symlink_data
[1.922s] Level 1:colcon.colcon_core.shell:create_environment_hook('ethical_robot_sim', 'pythonpath_develop')
[1.923s] INFO:colcon.colcon_core.shell:Creating environment hook '/home/thaman/ethical_robot_ws/build/ethical_robot_sim/share/ethical_robot_sim/hook/pythonpath_develop.ps1'
[1.923s] DEBUG:colcon.colcon_core.event_handler.log_command:Invoked command in '/home/thaman/ethical_robot_ws/build/ethical_robot_sim' returned '0': PYTHONPATH=/home/thaman/ethical_robot_ws/build/ethical_robot_sim/prefix_override:/usr/lib/python3/dist-packages/colcon_core/task/python/colcon_distutils_commands:/home/thaman/ethical_robot_ws/install/ethical_robot_sim/lib/python3.10/site-packages:${PYTHONPATH} /usr/bin/python3 -W ignore:setup.py install is deprecated -W ignore:easy_install command is deprecated setup.py develop --editable --build-directory /home/thaman/ethical_robot_ws/build/ethical_robot_sim/build --no-deps symlink_data
[1.924s] INFO:colcon.colcon_core.shell:Creating environment descriptor '/home/thaman/ethical_robot_ws/build/ethical_robot_sim/share/ethical_robot_sim/hook/pythonpath_develop.dsv'
[1.924s] INFO:colcon.colcon_core.shell:Creating environment hook '/home/thaman/ethical_robot_ws/build/ethical_robot_sim/share/ethical_robot_sim/hook/pythonpath_develop.sh'
[1.930s] Level 1:colcon.colcon_core.environment:checking '/home/thaman/ethical_robot_ws/install/ethical_robot_sim' for CMake module files
[1.931s] Level 1:colcon.colcon_core.environment:checking '/home/thaman/ethical_robot_ws/install/ethical_robot_sim' for CMake config files
[1.934s] Level 1:colcon.colcon_core.environment:checking '/home/thaman/ethical_robot_ws/install/ethical_robot_sim/lib'
[1.934s] Level 1:colcon.colcon_core.environment:checking '/home/thaman/ethical_robot_ws/install/ethical_robot_sim/bin'
[1.934s] Level 1:colcon.colcon_core.environment:checking '/home/thaman/ethical_robot_ws/install/ethical_robot_sim/lib/pkgconfig/ethical_robot_sim.pc'
[1.935s] Level 1:colcon.colcon_core.environment:checking '/home/thaman/ethical_robot_ws/install/ethical_robot_sim/lib/python3.10/site-packages'
[1.935s] Level 1:colcon.colcon_core.shell:create_environment_hook('ethical_robot_sim', 'pythonpath')
[1.935s] INFO:colcon.colcon_core.shell:Creating environment hook '/home/thaman/ethical_robot_ws/install/ethical_robot_sim/share/ethical_robot_sim/hook/pythonpath.ps1'
[1.935s] INFO:colcon.colcon_core.shell:Creating environment descriptor '/home/thaman/ethical_robot_ws/install/ethical_robot_sim/share/ethical_robot_sim/hook/pythonpath.dsv'
[1.936s] INFO:colcon.colcon_core.shell:Creating environment hook '/home/thaman/ethical_robot_ws/install/ethical_robot_sim/share/ethical_robot_sim/hook/pythonpath.sh'
[1.936s] Level 1:colcon.colcon_core.environment:checking '/home/thaman/ethical_robot_ws/install/ethical_robot_sim/bin'
[1.936s] Level 1:colcon.colcon_core.environment:create_environment_scripts_only(ethical_robot_sim)
[1.937s] INFO:colcon.colcon_core.shell:Creating package script '/home/thaman/ethical_robot_ws/install/ethical_robot_sim/share/ethical_robot_sim/package.ps1'
[1.938s] INFO:colcon.colcon_core.shell:Creating package descriptor '/home/thaman/ethical_robot_ws/install/ethical_robot_sim/share/ethical_robot_sim/package.dsv'
[1.938s] INFO:colcon.colcon_core.shell:Creating package script '/home/thaman/ethical_robot_ws/install/ethical_robot_sim/share/ethical_robot_sim/package.sh'
[1.940s] INFO:colcon.colcon_core.shell:Creating package script '/home/thaman/ethical_robot_ws/install/ethical_robot_sim/share/ethical_robot_sim/package.bash'
[1.941s] INFO:colcon.colcon_core.shell:Creating package script '/home/thaman/ethical_robot_ws/install/ethical_robot_sim/share/ethical_robot_sim/package.zsh'
[1.942s] Level 1:colcon.colcon_core.environment:create_file_with_runtime_dependencies(/home/thaman/ethical_robot_ws/install/ethical_robot_sim/share/colcon-core/packages/ethical_robot_sim)
[1.942s] DEBUG:colcon.colcon_parallel_executor.executor.parallel:closing loop
[1.943s] DEBUG:colcon.colcon_parallel_executor.executor.parallel:loop closed
[1.943s] DEBUG:colcon.colcon_parallel_executor.executor.parallel:run_until_complete finished with '0'
[1.943s] DEBUG:colcon.colcon_core.event_reactor:joining thread
[2.002s] INFO:colcon.colcon_core.plugin_system:Skipping extension 'colcon_notification.desktop_notification.notify_send': Could not find 'notify-send'
[2.002s] INFO:colcon.colcon_core.plugin_system:Skipping extension 'colcon_notification.desktop_notification.terminal_notifier': Not used on non-Darwin systems
[2.002s] INFO:colcon.colcon_core.plugin_system:Skipping extension 'colcon_notification.desktop_notification.win32': Not used on non-Windows systems
[2.002s] INFO:colcon.colcon_notification.desktop_notification:Sending desktop notification using 'notify2'
[2.004s] DEBUG:colcon.colcon_notification.desktop_notification.notify2:Failed to initialize notify2: org.freedesktop.DBus.Error.ServiceUnknown: The name org.freedesktop.Notifications was not provided by any .service files
[2.004s] DEBUG:colcon.colcon_core.event_reactor:joined thread
[2.004s] INFO:colcon.colcon_core.shell:Creating prefix script '/home/thaman/ethical_robot_ws/install/local_setup.ps1'
[2.005s] INFO:colcon.colcon_core.shell:Creating prefix util module '/home/thaman/ethical_robot_ws/install/_local_setup_util_ps1.py'
[2.007s] INFO:colcon.colcon_core.shell:Creating prefix chain script '/home/thaman/ethical_robot_ws/install/setup.ps1'
[2.008s] INFO:colcon.colcon_core.shell:Creating prefix script '/home/thaman/ethical_robot_ws/install/local_setup.sh'
[2.009s] INFO:colcon.colcon_core.shell:Creating prefix util module '/home/thaman/ethical_robot_ws/install/_local_setup_util_sh.py'
[2.009s] INFO:colcon.colcon_core.shell:Creating prefix chain script '/home/thaman/ethical_robot_ws/install/setup.sh'
[2.010s] INFO:colcon.colcon_core.shell:Creating prefix script '/home/thaman/ethical_robot_ws/install/local_setup.bash'
[2.011s] INFO:colcon.colcon_core.shell:Creating prefix chain script '/home/thaman/ethical_robot_ws/install/setup.bash'
[2.012s] INFO:colcon.colcon_core.shell:Creating prefix script '/home/thaman/ethical_robot_ws/install/local_setup.zsh'
[2.013s] INFO:colcon.colcon_core.shell:Creating prefix chain script '/home/thaman/ethical_robot_ws/install/setup.zsh'
