[0.677s] Invoking command in '/home/thaman/ethical_robot_ws/build/ethical_robot_sim': PYTHONPATH=/home/thaman/ethical_robot_ws/build/ethical_robot_sim/prefix_override:/usr/lib/python3/dist-packages/colcon_core/task/python/colcon_distutils_commands:/home/thaman/ethical_robot_ws/install/ethical_robot_sim/lib/python3.10/site-packages:${PYTHONPATH} /usr/bin/python3 -W ignore:setup.py install is deprecated -W ignore:easy_install command is deprecated setup.py develop --editable --build-directory /home/thaman/ethical_robot_ws/build/ethical_robot_sim/build --no-deps symlink_data
[0.912s] running develop
[1.069s] running egg_info
[1.070s] writing ethical_robot_sim.egg-info/PKG-INFO
[1.070s] writing dependency_links to ethical_robot_sim.egg-info/dependency_links.txt
[1.070s] writing entry points to ethical_robot_sim.egg-info/entry_points.txt
[1.071s] writing requirements to ethical_robot_sim.egg-info/requires.txt
[1.071s] writing top-level names to ethical_robot_sim.egg-info/top_level.txt
[1.073s] reading manifest file 'ethical_robot_sim.egg-info/SOURCES.txt'
[1.075s] writing manifest file 'ethical_robot_sim.egg-info/SOURCES.txt'
[1.076s] running build_ext
[1.077s] Creating /home/thaman/ethical_robot_ws/install/ethical_robot_sim/lib/python3.10/site-packages/ethical-robot-sim.egg-link (link to .)
[1.077s] Installing auto_decision_maker script to /home/thaman/ethical_robot_ws/install/ethical_robot_sim/lib/ethical_robot_sim
[1.078s] Installing decision_engine script to /home/thaman/ethical_robot_ws/install/ethical_robot_sim/lib/ethical_robot_sim
[1.078s] Installing extended_robot_controller script to /home/thaman/ethical_robot_ws/install/ethical_robot_sim/lib/ethical_robot_sim
[1.078s] Installing perception_node script to /home/thaman/ethical_robot_ws/install/ethical_robot_sim/lib/ethical_robot_sim
[1.078s] Installing robot_controller script to /home/thaman/ethical_robot_ws/install/ethical_robot_sim/lib/ethical_robot_sim
[1.079s] 
[1.079s] Installed /home/thaman/ethical_robot_ws/build/ethical_robot_sim
[1.079s] running symlink_data
[1.106s] Invoked command in '/home/thaman/ethical_robot_ws/build/ethical_robot_sim' returned '0': PYTHONPATH=/home/thaman/ethical_robot_ws/build/ethical_robot_sim/prefix_override:/usr/lib/python3/dist-packages/colcon_core/task/python/colcon_distutils_commands:/home/thaman/ethical_robot_ws/install/ethical_robot_sim/lib/python3.10/site-packages:${PYTHONPATH} /usr/bin/python3 -W ignore:setup.py install is deprecated -W ignore:easy_install command is deprecated setup.py develop --editable --build-directory /home/thaman/ethical_robot_ws/build/ethical_robot_sim/build --no-deps symlink_data
